c:\users\scyyl7\desktop\cppcoursework2021-v101\cppcoursework2021-v101\debug\courseworkbase2020.bsc
c:\users\scyyl7\desktop\cppcoursework2021-v101\cppcoursework2021-v101\debug\vc142.pdb
c:\users\scyyl7\desktop\cppcoursework2021-v101\cppcoursework2021-v101\debug\newtilemanager.sbr
c:\users\scyyl7\desktop\cppcoursework2021-v101\cppcoursework2021-v101\debug\screenobject.sbr
c:\users\scyyl7\desktop\cppcoursework2021-v101\cppcoursework2021-v101\debug\draggingdemo.sbr
c:\users\scyyl7\desktop\cppcoursework2021-v101\cppcoursework2021-v101\debug\drawingsurface.sbr
c:\users\scyyl7\desktop\cppcoursework2021-v101\cppcoursework2021-v101\debug\flashingdemo.sbr
c:\users\scyyl7\desktop\cppcoursework2021-v101\cppcoursework2021-v101\debug\imagemappingdemo.sbr
c:\users\scyyl7\desktop\cppcoursework2021-v101\cppcoursework2021-v101\debug\mainfunction.sbr
c:\users\scyyl7\desktop\cppcoursework2021-v101\cppcoursework2021-v101\debug\baseengine.sbr
c:\users\scyyl7\desktop\cppcoursework2021-v101\cppcoursework2021-v101\debug\displayableobject.sbr
c:\users\scyyl7\desktop\cppcoursework2021-v101\cppcoursework2021-v101\debug\fontmanager.sbr
c:\users\scyyl7\desktop\cppcoursework2021-v101\cppcoursework2021-v101\debug\mydemoa.sbr
c:\users\scyyl7\desktop\cppcoursework2021-v101\cppcoursework2021-v101\debug\myobjectb.sbr
c:\users\scyyl7\desktop\cppcoursework2021-v101\cppcoursework2021-v101\debug\mytilemanager.sbr
c:\users\scyyl7\desktop\cppcoursework2021-v101\cppcoursework2021-v101\debug\scyyl7engine.sbr
c:\users\scyyl7\desktop\cppcoursework2021-v101\cppcoursework2021-v101\debug\simpleimage.sbr
c:\users\scyyl7\desktop\cppcoursework2021-v101\cppcoursework2021-v101\debug\simpledemo.sbr
c:\users\scyyl7\desktop\cppcoursework2021-v101\cppcoursework2021-v101\debug\starfielddemo.sbr
c:\users\scyyl7\desktop\cppcoursework2021-v101\cppcoursework2021-v101\debug\tilemanager.sbr
c:\users\scyyl7\desktop\cppcoursework2021-v101\cppcoursework2021-v101\debug\bouncingball.sbr
c:\users\scyyl7\desktop\cppcoursework2021-v101\cppcoursework2021-v101\debug\bouncingballmain.sbr
c:\users\scyyl7\desktop\cppcoursework2021-v101\cppcoursework2021-v101\debug\bouncingballmain.obj
c:\users\scyyl7\desktop\cppcoursework2021-v101\cppcoursework2021-v101\debug\bouncingball.obj
c:\users\scyyl7\desktop\cppcoursework2021-v101\cppcoursework2021-v101\debug\tilemanager.obj
c:\users\scyyl7\desktop\cppcoursework2021-v101\cppcoursework2021-v101\debug\starfielddemo.obj
c:\users\scyyl7\desktop\cppcoursework2021-v101\cppcoursework2021-v101\debug\simpledemo.obj
c:\users\scyyl7\desktop\cppcoursework2021-v101\cppcoursework2021-v101\debug\simpleimage.obj
c:\users\scyyl7\desktop\cppcoursework2021-v101\cppcoursework2021-v101\debug\scyyl7engine.obj
c:\users\scyyl7\desktop\cppcoursework2021-v101\cppcoursework2021-v101\debug\mytilemanager.obj
c:\users\scyyl7\desktop\cppcoursework2021-v101\cppcoursework2021-v101\debug\myobjectb.obj
c:\users\scyyl7\desktop\cppcoursework2021-v101\cppcoursework2021-v101\debug\mydemoa.obj
c:\users\scyyl7\desktop\cppcoursework2021-v101\cppcoursework2021-v101\debug\fontmanager.obj
c:\users\scyyl7\desktop\cppcoursework2021-v101\cppcoursework2021-v101\debug\displayableobject.obj
c:\users\scyyl7\desktop\cppcoursework2021-v101\cppcoursework2021-v101\debug\baseengine.obj
c:\users\scyyl7\desktop\cppcoursework2021-v101\cppcoursework2021-v101\debug\mainfunction.obj
c:\users\scyyl7\desktop\cppcoursework2021-v101\cppcoursework2021-v101\debug\imagemappingdemo.obj
c:\users\scyyl7\desktop\cppcoursework2021-v101\cppcoursework2021-v101\debug\flashingdemo.obj
c:\users\scyyl7\desktop\cppcoursework2021-v101\cppcoursework2021-v101\debug\drawingsurface.obj
c:\users\scyyl7\desktop\cppcoursework2021-v101\cppcoursework2021-v101\debug\draggingdemo.obj
c:\users\scyyl7\desktop\cppcoursework2021-v101\cppcoursework2021-v101\debug\screenobject.obj
c:\users\scyyl7\desktop\cppcoursework2021-v101\cppcoursework2021-v101\debug\newtilemanager.obj
c:\users\scyyl7\desktop\cppcoursework2021-v101\cppcoursework2021-v101\debug\zoomingdemo.sbr
c:\users\scyyl7\desktop\cppcoursework2021-v101\cppcoursework2021-v101\debug\zoomingdemo.obj
c:\users\scyyl7\desktop\cppcoursework2021-v101\cppcoursework2021-v101\debug\mazedemomain.sbr
c:\users\scyyl7\desktop\cppcoursework2021-v101\cppcoursework2021-v101\debug\mazedemoobject.sbr
c:\users\scyyl7\desktop\cppcoursework2021-v101\cppcoursework2021-v101\debug\mazedemotilemanager.sbr
c:\users\scyyl7\desktop\cppcoursework2021-v101\cppcoursework2021-v101\debug\mazedemotilemanager.obj
c:\users\scyyl7\desktop\cppcoursework2021-v101\cppcoursework2021-v101\debug\mazedemoobject.obj
c:\users\scyyl7\desktop\cppcoursework2021-v101\cppcoursework2021-v101\debug\mazedemomain.obj
c:\users\scyyl7\desktop\cppcoursework2021-v101\cppcoursework2021-v101\debug\fourdirection.sbr
c:\users\scyyl7\desktop\cppcoursework2021-v101\cppcoursework2021-v101\debug\fourdirection.obj
c:\users\scyyl7\desktop\cppcoursework2021-v101\cppcoursework2021-v101\debug\gamestate.sbr
c:\users\scyyl7\desktop\cppcoursework2021-v101\cppcoursework2021-v101\debug\startstate.sbr
c:\users\scyyl7\desktop\cppcoursework2021-v101\cppcoursework2021-v101\debug\startstate.obj
c:\users\scyyl7\desktop\cppcoursework2021-v101\cppcoursework2021-v101\debug\gamestate.obj
c:\users\scyyl7\desktop\cppcoursework2021-v101\cppcoursework2021-v101\debug\state.sbr
c:\users\scyyl7\desktop\cppcoursework2021-v101\cppcoursework2021-v101\debug\state.obj
c:\users\scyyl7\desktop\cppcoursework2021-v101\cppcoursework2021-v101\debug\prepstate.sbr
c:\users\scyyl7\desktop\cppcoursework2021-v101\cppcoursework2021-v101\debug\prepstate.obj
c:\users\scyyl7\desktop\cppcoursework2021-v101\cppcoursework2021-v101\debug\loststate.sbr
c:\users\scyyl7\desktop\cppcoursework2021-v101\cppcoursework2021-v101\debug\loststate.obj
c:\users\scyyl7\desktop\cppcoursework2021-v101\cppcoursework2021-v101\debug\newfilter.sbr
c:\users\scyyl7\desktop\cppcoursework2021-v101\cppcoursework2021-v101\debug\infostate.sbr
c:\users\scyyl7\desktop\cppcoursework2021-v101\cppcoursework2021-v101\debug\infostate.obj
c:\users\scyyl7\desktop\cppcoursework2021-v101\cppcoursework2021-v101\debug\winstate.sbr
c:\users\scyyl7\desktop\cppcoursework2021-v101\cppcoursework2021-v101\debug\winstate.obj
c:\users\scyyl7\desktop\cppcoursework2021-v101\cppcoursework2021-v101\debug\coordinatemapping.sbr
c:\users\scyyl7\desktop\cppcoursework2021-v101\cppcoursework2021-v101\debug\courseworkbase2020.exe
c:\users\scyyl7\desktop\cppcoursework2021-v101\cppcoursework2021-v101\debug\courseworkbase2020.ilk
c:\users\scyyl7\desktop\cppcoursework2021-v101\cppcoursework2021-v101\src\map
c:\users\scyyl7\desktop\cppcoursework2021-v101\cppcoursework2021-v101\debug\courseworkbase2020.pdb
c:\users\scyyl7\desktop\cppcoursework2021-v101\cppcoursework2021-v101\/debug\courseworkbase2020.bsc
c:\users\scyyl7\desktop\cppcoursework2021-v101\cppcoursework2021-v101\/debug\courseworkbase2020.ilk
c:\users\scyyl7\desktop\cppcoursework2021-v101\cppcoursework2021-v101\debug\coursewo.63f64093.tlog\bscmake.command.1.tlog
c:\users\scyyl7\desktop\cppcoursework2021-v101\cppcoursework2021-v101\debug\coursewo.63f64093.tlog\bscmake.read.1.tlog
c:\users\scyyl7\desktop\cppcoursework2021-v101\cppcoursework2021-v101\debug\coursewo.63f64093.tlog\bscmake.write.1.tlog
c:\users\scyyl7\desktop\cppcoursework2021-v101\cppcoursework2021-v101\debug\coursewo.63f64093.tlog\cl.command.1.tlog
c:\users\scyyl7\desktop\cppcoursework2021-v101\cppcoursework2021-v101\debug\coursewo.63f64093.tlog\cl.read.1.tlog
c:\users\scyyl7\desktop\cppcoursework2021-v101\cppcoursework2021-v101\debug\coursewo.63f64093.tlog\cl.write.1.tlog
c:\users\scyyl7\desktop\cppcoursework2021-v101\cppcoursework2021-v101\debug\coursewo.63f64093.tlog\link.command.1.tlog
c:\users\scyyl7\desktop\cppcoursework2021-v101\cppcoursework2021-v101\debug\coursewo.63f64093.tlog\link.read.1.tlog
c:\users\scyyl7\desktop\cppcoursework2021-v101\cppcoursework2021-v101\debug\coursewo.63f64093.tlog\link.write.1.tlog
